<?xml version="1.0" encoding="UTF-8"?>
<!-- Generated by org.testng.reporters.JUnitReportReporter -->
<testsuite hostname="DESKTOP-PAM2I5O" failures="0" tests="5" name="TestCases.TC_003_LoginDDT" time="25.555" errors="0" timestamp="2024-06-16T08:59:57 IST" skipped="0">
  <testcase classname="TestCases.TC_003_LoginDDT" name="verify_loginDTT" time="1.398"/>
  <testcase classname="TestCases.TC_003_LoginDDT" name="verify_loginDTT" time="10.873"/>
  <testcase classname="TestCases.TC_003_LoginDDT" name="verify_loginDTT" time="1.181"/>
  <testcase classname="TestCases.TC_003_LoginDDT" name="verify_loginDTT" time="1.224"/>
  <testcase classname="TestCases.TC_003_LoginDDT" name="verify_loginDTT" time="10.879"/>
</testsuite> <!-- TestCases.TC_003_LoginDDT -->
