<?xml version="1.0" encoding="UTF-8"?>
<!-- Generated by org.testng.reporters.JUnitReportReporter -->
<testsuite hostname="DESKTOP-PAM2I5O" failures="0" tests="1" name="TestCases.TC_001_AccountRegistrationTest" time="3.936" errors="0" timestamp="2024-06-17T08:09:56 IST" skipped="0">
  <testcase classname="TestCases.TC_001_AccountRegistrationTest" name="HomePageLogin" time="3.936"/>
</testsuite> <!-- TestCases.TC_001_AccountRegistrationTest -->
